<?xml version="1.0" encoding="UTF-8"?>
<testsuite name="com.education.hszg.sort.impl.InsertionSortLinkedListPreviewTest" tests="6" skipped="0" failures="0" errors="0" timestamp="2024-11-07T13:34:50" hostname="TABLET-124BN9OK" time="0.014">
  <properties/>
  <testcase name="testInsertionSortLinkedListPreviewTest(7,              7) [0]" classname="com.education.hszg.sort.impl.InsertionSortLinkedListPreviewTest" time="0.011"/>
  <testcase name="testInsertionSortLinkedListPreviewTest(7-7-7-7-7-7-7-7,7-7-7-7-7-7-7-7) [1]" classname="com.education.hszg.sort.impl.InsertionSortLinkedListPreviewTest" time="0.0"/>
  <testcase name="testInsertionSortLinkedListPreviewTest(1-2-3-4,        1-2-3-4) [2]" classname="com.education.hszg.sort.impl.InsertionSortLinkedListPreviewTest" time="0.001"/>
  <testcase name="testInsertionSortLinkedListPreviewTest(9-8-7-6-5,      5-6-7-8-9) [3]" classname="com.education.hszg.sort.impl.InsertionSortLinkedListPreviewTest" time="0.0"/>
  <testcase name="testInsertionSortLinkedListPreviewTest(0-0-0-0-1,      0-0-0-0-1) [4]" classname="com.education.hszg.sort.impl.InsertionSortLinkedListPreviewTest" time="0.0"/>
  <testcase name="testInsertionSortLinkedListPreviewTest(1-0-0-0-0,      0-0-0-0-1) [5]" classname="com.education.hszg.sort.impl.InsertionSortLinkedListPreviewTest" time="0.0"/>
  <system-out><![CDATA[]]></system-out>
  <system-err><![CDATA[]]></system-err>
</testsuite>
